{"/home/wangding/SPA/grunt-demo/calc.js":{"path":"/home/wangding/SPA/grunt-demo/calc.js","s":{"1":1,"2":3,"3":2,"4":1,"5":1},"b":{"1":[2,1],"2":[3,2]},"f":{"1":3},"fnMap":{"1":{"name":"add","line":5,"loc":{"start":{"line":5,"column":0},"end":{"line":5,"column":17}}}},"statementMap":{"1":{"start":{"line":5,"column":0},"end":{"line":11,"column":1}},"2":{"start":{"line":6,"column":2},"end":{"line":10,"column":3}},"3":{"start":{"line":7,"column":4},"end":{"line":7,"column":15}},"4":{"start":{"line":9,"column":4},"end":{"line":9,"column":15}},"5":{"start":{"line":13,"column":0},"end":{"line":13,"column":21}}},"branchMap":{"1":{"line":6,"type":"if","locations":[{"start":{"line":6,"column":2},"end":{"line":6,"column":2}},{"start":{"line":6,"column":2},"end":{"line":6,"column":2}}]},"2":{"line":6,"type":"binary-expr","locations":[{"start":{"line":6,"column":5},"end":{"line":6,"column":28}},{"start":{"line":6,"column":31},"end":{"line":6,"column":54}}]}}}}